Simulating binary logs/Slapdragon/test/ADD-wrap.mips.bin
32
Read 32
00111100
00000010
01111111
11111111
00110100
01000010
11111111
11111111
00111100
00000011
01111111
11111111
00110100
01100011
11111111
11111111
00000000
01100011
00010000
00100000
00000011
11100000
00000000
00001000
00000000
00000000
00000000
00000000
00000000
00000000
00000000
00000000
PC at 0
[OpCode: 00111111 | Address:11010110101111001000000101000000 ]
PC at 0
[OpCode: 00111111 | Address:11010110101111001000000101000000 ]
PC at 0
[OpCode: 00111111 | Address:11010110101111001000000101000000 ]
PC at 0
[OpCode: 00111111 | Address:11010110101111001000000101000000 ]
PC at 0
[OpCode: 00111111 | Address:11010110101111001000000101000000 ]
PC at 0
[OpCode: 00111111 | Address:11010110101111001000000101000000 ]
PC at 0
[OpCode: 00111111 | Address:11010110101111001000000101000000 ]
PC at 0
[OpCode: 00111111 | Address:11010110101111001000000101000000 ]
PC at 0
[OpCode: 00111111 | Address:11010110101111001000000101000000 ]
PC at 0
[OpCode: 00111111 | Address:11010110101111001000000101000000 ]
PC at 0
[OpCode: 00111111 | Address:11010110101111001000000101000000 ]
PC at 0
[OpCode: 00111111 | Address:11010110101111001000000101000000 ]
PC at 0
[OpCode: 00111111 | Address:11010110101111001000000101000000 ]
PC at 0
[OpCode: 00111111 | Address:11010110101111001000000101000000 ]
PC at 0
[OpCode: 00111111 | Address:11010110101111001000000101000000 ]
PC at 0
[OpCode: 00111111 | Address:11010110101111001000000101000000 ]
PC at 0
[OpCode: 00111111 | Address:11010110101111001000000101000000 ]
PC at 0
[OpCode: 00111111 | Address:11010110101111001000000101000000 ]
PC at 0
[OpCode: 00111111 | Address:11010110101111001000000101000000 ]
PC at 0
[OpCode: 00111111 | Address:11010110101111001000000101000000 ]
PC at 0
[OpCode: 00111111 | Address:11010110101111001000000101000000 ]
PC at 0
[OpCode: 00111111 | Address:11010110101111001000000101000000 ]
PC at 0
[OpCode: 00111111 | Address:11010110101111001000000101000000 ]
PC at 0
[OpCode: 00111111 | Address:11010110101111001000000101000000 ]
PC at 0
[OpCode: 00111111 | Address:11010110101111001000000101000000 ]
PC at 0
[OpCode: 00111111 | Address:11010110101111001000000101000000 ]
PC at 0
[OpCode: 00111111 | Address:11010110101111001000000101000000 ]
PC at 0
[OpCode: 00111111 | Address:11010110101111001000000101000000 ]
PC at 0
[OpCode: 00111111 | Address:11010110101111001000000101000000 ]
PC at 0
[OpCode: 00111111 | Address:11010110101111001000000101000000 ]
PC at 0
[OpCode: 00111111 | Address:11010110101111001000000101000000 ]
PC at 0
[OpCode: 00111111 | Address:11010110101111001000000101000000 ]
PC at 0
[OpCode: 00111111 | Address:11010110101111001000000101000000 ]
PC at 0
[OpCode: 00111111 | Address:11010110101111001000000101000000 ]
PC at 0
[OpCode: 00111111 | Address:11010110101111001000000101000000 ]
PC at 0
[OpCode: 00111111 | Address:11010110101111001000000101000000 ]
PC at 0
[OpCode: 00111111 | Address:11010110101111001000000101000000 ]
PC at 0
[OpCode: 00111111 | Address:11010110101111001000000101000000 ]
PC at 0
[OpCode: 00111111 | Address:11010110101111001000000101000000 ]
PC at 0
[OpCode: 00111111 | Address:11010110101111001000000101000000 ]
PC at 0
[OpCode: 00111111 | Address:11010110101111001000000101000000 ]
PC at 0
[OpCode: 00111111 | Address:11010110101111001000000101000000 ]
PC at 0
[OpCode: 00111111 | Address:11010110101111001000000101000000 ]
PC at 0
[OpCode: 00111111 | Address:11010110101111001000000101000000 ]
PC at 0
[OpCode: 00111111 | Address:11010110101111001000000101000000 ]
PC at 0
[OpCode: 00111111 | Address:11010110101111001000000101000000 ]
PC at 0
[OpCode: 00111111 | Address:11010110101111001000000101000000 ]
PC at 0
[OpCode: 00111111 | Address:11010110101111001000000101000000 ]
PC at 0
[OpCode: 00111111 | Address:11010110101111001000000101000000 ]
PC at 0
[OpCode: 00111111 | Address:11010110101111001000000101000000 ]
PC at 0
[OpCode: 00111111 | Address:11010110101111001000000101000000 ]
PC at 0
[OpCode: 00111111 | Address:11010110101111001000000101000000 ]
PC at 0
[OpCode: 00111111 | Address:11010110101111001000000101000000 ]
PC at 0
[OpCode: 00111111 | Address:11010110101111001000000101000000 ]
PC at 0
[OpCode: 00111111 | Address:11010110101111001000000101000000 ]
PC at 0
[OpCode: 00111111 | Address:11010110101111001000000101000000 ]
PC at 0
[OpCode: 00111111 | Address:11010110101111001000000101000000 ]
PC at 0
[OpCode: 00111111 | Address:11010110101111001000000101000000 ]
PC at 0
[OpCode: 00111111 | Address:11010110101111001000000101000000 ]
PC at 0
[OpCode: 00111111 | Address:11010110101111001000000101000000 ]
PC at 0
[OpCode: 00111111 | Address:11010110101111001000000101000000 ]
PC at 0
[OpCode: 00111111 | Address:11010110101111001000000101000000 ]
PC at 0
[OpCode: 00111111 | Address:11010110101111001000000101000000 ]
PC at 0
[OpCode: 00111111 | Address:11010110101111001000000101000000 ]
PC at 0
[OpCode: 00111111 | Address:11010110101111001000000101000000 ]
PC at 0
[OpCode: 00111111 | Address:11010110101111001000000101000000 ]
PC at 0
[OpCode: 00111111 | Address:11010110101111001000000101000000 ]
PC at 0
[OpCode: 00111111 | Address:11010110101111001000000101000000 ]
PC at 0
[OpCode: 00111111 | Address:11010110101111001000000101000000 ]
PC at 0
[OpCode: 00111111 | Address:11010110101111001000000101000000 ]
PC at 0
[OpCode: 00111111 | Address:11010110101111001000000101000000 ]
PC at 0
[OpCode: 00111111 | Address:11010110101111001000000101000000 ]
PC at 0
[OpCode: 00111111 | Address:11010110101111001000000101000000 ]
PC at 0
[OpCode: 00111111 | Address:11010110101111001000000101000000 ]
PC at 0
[OpCode: 00111111 | Address:11010110101111001000000101000000 ]
PC at 0
[OpCode: 00111111 | Address:11010110101111001000000101000000 ]
PC at 0
[OpCode: 00111111 | Address:11010110101111001000000101000000 ]
PC at 0
[OpCode: 00111111 | Address:11010110101111001000000101000000 ]
PC at 0
[OpCode: 00111111 | Address:11010110101111001000000101000000 ]
PC at 0
[OpCode: 00111111 | Address:11010110101111001000000101000000 ]
PC at 0
[OpCode: 00111111 | Address:11010110101111001000000101000000 ]
PC at 0
[OpCode: 00111111 | Address:11010110101111001000000101000000 ]
PC at 0
[OpCode: 00111111 | Address:11010110101111001000000101000000 ]
PC at 0
[OpCode: 00111111 | Address:11010110101111001000000101000000 ]
PC at 0
[OpCode: 00111111 | Address:11010110101111001000000101000000 ]
PC at 0
[OpCode: 00111111 | Address:11010110101111001000000101000000 ]
PC at 0
[OpCode: 00111111 | Address:11010110101111001000000101000000 ]
PC at 0
[OpCode: 00111111 | Address:11010110101111001000000101000000 ]
PC at 0
[OpCode: 00111111 | Address:11010110101111001000000101000000 ]
PC at 0
[OpCode: 00111111 | Address:11010110101111001000000101000000 ]
PC at 0
[OpCode: 00111111 | Address:11010110101111001000000101000000 ]
PC at 0
[OpCode: 00111111 | Address:11010110101111001000000101000000 ]
PC at 0
[OpCode: 00111111 | Address:11010110101111001000000101000000 ]
PC at 0
[OpCode: 00111111 | Address:11010110101111001000000101000000 ]
PC at 0
[OpCode: 00111111 | Address:11010110101111001000000101000000 ]
PC at 0
[OpCode: 00111111 | Address:11010110101111001000000101000000 ]
PC at 0
[OpCode: 00111111 | Address:11010110101111001000000101000000 ]
PC at 0
[OpCode: 00111111 | Address:11010110101111001000000101000000 ]
PC at 0
[OpCode: 00111111 | Address:11010110101111001000000101000000 ]
PC at 0
[OpCode: 00111111 | Address:11010110101111001000000101000000 ]
PC at 0
[OpCode: 00111111 | Address:11010110101111001000000101000000 ]
PC at 0
[OpCode: 00111111 | Address:11010110101111001000000101000000 ]
PC at 0
[OpCode: 00111111 | Address:11010110101111001000000101000000 ]
PC at 0
[OpCode: 00111111 | Address:11010110101111001000000101000000 ]
PC at 0
[OpCode: 00111111 | Address:11010110101111001000000101000000 ]
PC at 0
[OpCode: 00111111 | Address:11010110101111001000000101000000 ]
PC at 0
[OpCode: 00111111 | Address:11010110101111001000000101000000 ]
PC at 0
[OpCode: 00111111 | Address:11010110101111001000000101000000 ]
PC at 0
[OpCode: 00111111 | Address:11010110101111001000000101000000 ]
PC at 0
[OpCode: 00111111 | Address:11010110101111001000000101000000 ]
PC at 0
[OpCode: 00111111 