Simulating binary logs/Slapdragon/test/JR-nothing.mips.bin
16
Read 16
00000011
11100000
00000000
00001000
00000000
00000000
00000000
00000000
00000000
00000000
00000000
00000000
00000000
00000000
00000000
00000000
PC at 0
[OpCode: 00001000 | Address:10100001001111010011000011100000 ]
PC at 0
[OpCode: 00001000 | Address:10100001001111010011000011100000 ]
PC at 0
[OpCode: 00001000 | Address:10100001001111010011000011100000 ]
PC at 0
[OpCode: 00001000 | Address:10100001001111010011000011100000 ]
PC at 0
[OpCode: 00001000 | Address:10100001001111010011000011100000 ]
PC at 0
[OpCode: 00001000 | Address:10100001001111010011000011100000 ]
PC at 0
[OpCode: 00001000 | Address:10100001001111010011000011100000 ]
PC at 0
[OpCode: 00001000 | Address:10100001001111010011000011100000 ]
PC at 0
[OpCode: 00001000 | Address:10100001001111010011000011100000 ]
PC at 0
[OpCode: 00001000 | Address:10100001001111010011000011100000 ]
PC at 0
[OpCode: 00001000 | Address:10100001001111010011000011100000 ]
PC at 0
[OpCode: 00001000 | Address:10100001001111010011000011100000 ]
PC at 0
[OpCode: 00001000 | Address:10100001001111010011000011100000 ]
PC at 0
[OpCode: 00001000 | Address:10100001001111010011000011100000 ]
PC at 0
[OpCode: 00001000 | Address:10100001001111010011000011100000 ]
PC at 0
[OpCode: 00001000 | Address:10100001001111010011000011100000 ]
PC at 0
[OpCode: 00001000 | Address:10100001001111010011000011100000 ]
PC at 0
[OpCode: 00001000 | Address:10100001001111010011000011100000 ]
PC at 0
[OpCode: 00001000 | Address:10100001001111010011000011100000 ]
PC at 0
[OpCode: 00001000 | Address:10100001001111010011000011100000 ]
PC at 0
[OpCode: 00001000 | Address:10100001001111010011000011100000 ]
PC at 0
[OpCode: 00001000 | Address:10100001001111010011000011100000 ]
PC at 0
[OpCode: 00001000 | Address:10100001001111010011000011100000 ]
PC at 0
[OpCode: 00001000 | Address:10100001001111010011000011100000 ]
PC at 0
[OpCode: 00001000 | Address:10100001001111010011000011100000 ]
PC at 0
[OpCode: 00001000 | Address:10100001001111010011000011100000 ]
PC at 0
[OpCode: 00001000 | Address:10100001001111010011000011100000 ]
PC at 0
[OpCode: 00001000 | Address:10100001001111010011000011100000 ]
PC at 0
[OpCode: 00001000 | Address:10100001001111010011000011100000 ]
PC at 0
[OpCode: 00001000 | Address:10100001001111010011000011100000 ]
PC at 0
[OpCode: 00001000 | Address:10100001001111010011000011100000 ]
PC at 0
[OpCode: 00001000 | Address:10100001001111010011000011100000 ]
PC at 0
[OpCode: 00001000 | Address:10100001001111010011000011100000 ]
PC at 0
[OpCode: 00001000 | Address:10100001001111010011000011100000 ]
PC at 0
[OpCode: 00001000 | Address:10100001001111010011000011100000 ]
PC at 0
[OpCode: 00001000 | Address:10100001001111010011000011100000 ]
PC at 0
[OpCode: 00001000 | Address:10100001001111010011000011100000 ]
PC at 0
[OpCode: 00001000 | Address:10100001001111010011000011100000 ]
PC at 0
[OpCode: 00001000 | Address:10100001001111010011000011100000 ]
PC at 0
[OpCode: 00001000 | Address:10100001001111010011000011100000 ]
PC at 0
[OpCode: 00001000 | Address:10100001001111010011000011100000 ]
PC at 0
[OpCode: 00001000 | Address:10100001001111010011000011100000 ]
PC at 0
[OpCode: 00001000 | Address:10100001001111010011000011100000 ]
PC at 0
[OpCode: 00001000 | Address:10100001001111010011000011100000 ]
PC at 0
[OpCode: 00001000 | Address:10100001001111010011000011100000 ]
PC at 0
[OpCode: 00001000 | Address:10100001001111010011000011100000 ]
PC at 0
[OpCode: 00001000 | Address:10100001001111010011000011100000 ]
PC at 0
[OpCode: 00001000 | Address:10100001001111010011000011100000 ]
PC at 0
[OpCode: 00001000 | Address:10100001001111010011000011100000 ]
PC at 0
[OpCode: 00001000 | Address:10100001001111010011000011100000 ]
PC at 0
[OpCode: 00001000 | Address:10100001001111010011000011100000 ]
PC at 0
[OpCode: 00001000 | Address:10100001001111010011000011100000 ]
PC at 0
[OpCode: 00001000 | Address:10100001001111010011000011100000 ]
PC at 0
[OpCode: 00001000 | Address:10100001001111010011000011100000 ]
PC at 0
[OpCode: 00001000 | Address:10100001001111010011000011100000 ]
PC at 0
[OpCode: 00001000 | Address:10100001001111010011000011100000 ]
PC at 0
[OpCode: 00001000 | Address:10100001001111010011000011100000 ]
PC at 0
[OpCode: 00001000 | Address:10100001001111010011000011100000 ]
PC at 0
[OpCode: 00001000 | Address:10100001001111010011000011100000 ]
PC at 0
[OpCode: 00001000 | Address:10100001001111010011000011100000 ]
PC at 0
[OpCode: 00001000 | Address:10100001001111010011000011100000 ]
PC at 0
[OpCode: 00001000 | Address:10100001001111010011000011100000 ]
PC at 0
[OpCode: 00001000 | Address:10100001001111010011000011100000 ]
PC at 0
[OpCode: 00001000 | Address:10100001001111010011000011100000 ]
PC at 0
[OpCode: 00001000 | Address:10100001001111010011000011100000 ]
PC at 0
[OpCode: 00001000 | Address:10100001001111010011000011100000 ]
PC at 0
[OpCode: 00001000 | Address:10100001001111010011000011100000 ]
PC at 0
[OpCode: 00001000 | Address:10100001001111010011000011100000 ]
PC at 0
[OpCode: 00001000 | Address:10100001001111010011000011100000 ]
PC at 0
[OpCode: 00001000 | Address:10100001001111010011000011100000 ]
PC at 0
[OpCode: 00001000 | Address:10100001001111010011000011100000 ]
PC at 0
[OpCode: 00001000 | Address:10100001001111010011000011100000 ]
PC at 0
[OpCode: 00001000 | Address:10100001001111010011000011100000 ]
PC at 0
[OpCode: 00001000 | Address:10100001001111010011000011100000 ]
PC at 0
[OpCode: 00001000 | Address:10100001001111010011000011100000 ]
PC at 0
[OpCode: 00001000 | Address:10100001001111010011000011100000 ]
PC at 0
[OpCode: 00001000 | Address:10100001001111010011000011100000 ]
PC at 0
[OpCode: 00001000 | Address:10100001001111010011000011100000 ]
PC at 0
[OpCode: 00001000 | Address:10100001001111010011000011100000 ]
PC at 0
[OpCode: 00001000 | Address:10100001001111010011000011100000 ]
PC at 0
[OpCode: 00001000 | Address:10100001001111010011000011100000 ]
PC at 0
[OpCode: 00001000 | Address:10100001001111010011000011100000 ]
PC at 0
[OpCode: 00001000 | Address:10100001001111010011000011100000 ]
PC at 0
[OpCode: 00001000 | Address:10100001001111010011000011100000 ]
PC at 0
[OpCode: 00001000 | Address:10100001001111010011000011100000 ]
PC at 0
[OpCode: 00001000 | Address:10100001001111010011000011100000 ]
PC at 0
[OpCode: 00001000 | Address:10100001001111010011000011100000 ]
PC at 0
[OpCode: 00001000 | Address:10100001001111010011000011100000 ]
PC at 0
[OpCode: 00001000 | Address:10100001001111010011000011100000 ]
PC at 0
[OpCode: 00001000 | Address:10100001001111010011000011100000 ]
PC at 0
[OpCode: 00001000 | Address:10100001001111010011000011100000 ]
PC at 0
[OpCode: 00001000 | Address:10100001001111010011000011100000 ]
PC at 0
[OpCode: 00001000 | Address:10100001001111010011000011100000 ]
PC at 0
[OpCode: 00001000 | Address:10100001001111010011000011100000 ]
PC at 0
[OpCode: 00001000 | Address:10100001001111010011000011100000 ]
PC at 0
[OpCode: 00001000 | Address:10100001001111010011000011100000 ]
PC at 0
[OpCode: 00001000 | Address:10100001001111010011000011100000 ]
PC at 0
[OpCode: 00001000 | Address:10100001001111010011000011100000 ]
PC at 0
[OpCode: 00001000 | Address:10100001001111010011000011100000 ]
PC at 0
[OpCode: 00001000 | Address:10100001001111010011000011100000 ]
PC at 0
[OpCode: 00001000 | Address:10100001001111010011000011100000 ]
PC at 0
[OpCode: 00001000 | Address:10100001001111010011000011100000 ]
PC at 0
[OpCode: 00001000 | Address:10100001001111010011000011100000 ]
PC at 0
[OpCode: 00001000 | Address:10100001001111010011000011100000 ]
PC at 0
[OpCode: 00001000 | Address:10100001001111010011000011100000 ]
PC at 0
[OpCode: 00001000 | Address:10100001001111010011000011100000 ]
PC at 0
[OpCode: 00001000 | Address:10100001001111010011000011100000 ]
PC at 0
[OpCode: 00001000 | Address:10100001001111010011000011100000 ]
PC at 0
[OpCode: 00001000 | Address:10100001001111010011000011100000 ]
PC at 0
[OpCode: 00001000 | Address:10100001001111010011000011100000 ]
PC at 0
[OpCode: 00001000 | Address:10100001001111010011000011100000 ]
PC at 0
[OpCode: 00001000 | Address:10100001001111010011000011100000 ]
PC at 0
[OpCode: 00001000 