Simulating binary logs/Slapdragon/test/JR-return-immediate.mips.bin
16
Read 16
00000011
11100000
00000000
00001000
00100100
00000010
00000000
00000101
00000000
00000000
00000000
00000000
00000000
00000000
00000000
00000000
PC at 0
[OpCode: 00001000 | Address:01110010100010110110000011100000 ]
PC at 0
[OpCode: 00001000 | Address:01110010100010110110000011100000 ]
PC at 0
[OpCode: 00001000 | Address:01110010100010110110000011100000 ]
PC at 0
[OpCode: 00001000 | Address:01110010100010110110000011100000 ]
PC at 0
[OpCode: 00001000 | Address:01110010100010110110000011100000 ]
PC at 0
[OpCode: 00001000 | Address:01110010100010110110000011100000 ]
PC at 0
[OpCode: 00001000 | Address:01110010100010110110000011100000 ]
PC at 0
[OpCode: 00001000 | Address:01110010100010110110000011100000 ]
PC at 0
[OpCode: 00001000 | Address:01110010100010110110000011100000 ]
PC at 0
[OpCode: 00001000 | Address:01110010100010110110000011100000 ]
PC at 0
[OpCode: 00001000 | Address:01110010100010110110000011100000 ]
PC at 0
[OpCode: 00001000 | Address:01110010100010110110000011100000 ]
PC at 0
[OpCode: 00001000 | Address:01110010100010110110000011100000 ]
PC at 0
[OpCode: 00001000 | Address:01110010100010110110000011100000 ]
PC at 0
[OpCode: 00001000 | Address:01110010100010110110000011100000 ]
PC at 0
[OpCode: 00001000 | Address:01110010100010110110000011100000 ]
PC at 0
[OpCode: 00001000 | Address:01110010100010110110000011100000 ]
PC at 0
[OpCode: 00001000 | Address:01110010100010110110000011100000 ]
PC at 0
[OpCode: 00001000 | Address:01110010100010110110000011100000 ]
PC at 0
[OpCode: 00001000 | Address:01110010100010110110000011100000 ]
PC at 0
[OpCode: 00001000 | Address:01110010100010110110000011100000 ]
PC at 0
[OpCode: 00001000 | Address:01110010100010110110000011100000 ]
PC at 0
[OpCode: 00001000 | Address:01110010100010110110000011100000 ]
PC at 0
[OpCode: 00001000 | Address:01110010100010110110000011100000 ]
PC at 0
[OpCode: 00001000 | Address:01110010100010110110000011100000 ]
PC at 0
[OpCode: 00001000 | Address:01110010100010110110000011100000 ]
PC at 0
[OpCode: 00001000 | Address:01110010100010110110000011100000 ]
PC at 0
[OpCode: 00001000 | Address:01110010100010110110000011100000 ]
PC at 0
[OpCode: 00001000 | Address:01110010100010110110000011100000 ]
PC at 0
[OpCode: 00001000 | Address:01110010100010110110000011100000 ]
PC at 0
[OpCode: 00001000 | Address:01110010100010110110000011100000 ]
PC at 0
[OpCode: 00001000 | Address:01110010100010110110000011100000 ]
PC at 0
[OpCode: 00001000 | Address:01110010100010110110000011100000 ]
PC at 0
[OpCode: 00001000 | Address:01110010100010110110000011100000 ]
PC at 0
[OpCode: 00001000 | Address:01110010100010110110000011100000 ]
PC at 0
[OpCode: 00001000 | Address:01110010100010110110000011100000 ]
PC at 0
[OpCode: 00001000 | Address:01110010100010110110000011100000 ]
PC at 0
[OpCode: 00001000 | Address:01110010100010110110000011100000 ]
PC at 0
[OpCode: 00001000 | Address:01110010100010110110000011100000 ]
PC at 0
[OpCode: 00001000 | Address:01110010100010110110000011100000 ]
PC at 0
[OpCode: 00001000 | Address:01110010100010110110000011100000 ]
PC at 0
[OpCode: 00001000 | Address:01110010100010110110000011100000 ]
PC at 0
[OpCode: 00001000 | Address:01110010100010110110000011100000 ]
PC at 0
[OpCode: 00001000 | Address:01110010100010110110000011100000 ]
PC at 0
[OpCode: 00001000 | Address:01110010100010110110000011100000 ]
PC at 0
[OpCode: 00001000 | Address:01110010100010110110000011100000 ]
PC at 0
[OpCode: 00001000 | Address:01110010100010110110000011100000 ]
PC at 0
[OpCode: 00001000 | Address:01110010100010110110000011100000 ]
PC at 0
[OpCode: 00001000 | Address:01110010100010110110000011100000 ]
PC at 0
[OpCode: 00001000 | Address:01110010100010110110000011100000 ]
PC at 0
[OpCode: 00001000 | Address:01110010100010110110000011100000 ]
PC at 0
[OpCode: 00001000 | Address:01110010100010110110000011100000 ]
PC at 0
[OpCode: 00001000 | Address:01110010100010110110000011100000 ]
PC at 0
[OpCode: 00001000 | Address:01110010100010110110000011100000 ]
PC at 0
[OpCode: 00001000 | Address:01110010100010110110000011100000 ]
PC at 0
[OpCode: 00001000 | Address:01110010100010110110000011100000 ]
PC at 0
[OpCode: 00001000 | Address:01110010100010110110000011100000 ]
PC at 0
[OpCode: 00001000 | Address:01110010100010110110000011100000 ]
PC at 0
[OpCode: 00001000 | Address:01110010100010110110000011100000 ]
PC at 0
[OpCode: 00001000 | Address:01110010100010110110000011100000 ]
PC at 0
[OpCode: 00001000 | Address:01110010100010110110000011100000 ]
PC at 0
[OpCode: 00001000 | Address:01110010100010110110000011100000 ]
PC at 0
[OpCode: 00001000 | Address:01110010100010110110000011100000 ]
PC at 0
[OpCode: 00001000 | Address:01110010100010110110000011100000 ]
PC at 0
[OpCode: 00001000 | Address:01110010100010110110000011100000 ]
PC at 0
[OpCode: 00001000 | Address:01110010100010110110000011100000 ]
PC at 0
[OpCode: 00001000 | Address:01110010100010110110000011100000 ]
PC at 0
[OpCode: 00001000 | Address:01110010100010110110000011100000 ]
PC at 0
[OpCode: 00001000 | Address:01110010100010110110000011100000 ]
PC at 0
[OpCode: 00001000 | Address:01110010100010110110000011100000 ]
PC at 0
[OpCode: 00001000 | Address:01110010100010110110000011100000 ]
PC at 0
[OpCode: 00001000 | Address:01110010100010110110000011100000 ]
PC at 0
[OpCode: 00001000 | Address:01110010100010110110000011100000 ]
PC at 0
[OpCode: 00001000 | Address:01110010100010110110000011100000 ]
PC at 0
[OpCode: 00001000 | Address:01110010100010110110000011100000 ]
PC at 0
[OpCode: 00001000 | Address:01110010100010110110000011100000 ]
PC at 0
[OpCode: 00001000 | Address:01110010100010110110000011100000 ]
PC at 0
[OpCode: 00001000 | Address:01110010100010110110000011100000 ]
PC at 0
[OpCode: 00001000 | Address:01110010100010110110000011100000 ]
PC at 0
[OpCode: 00001000 | Address:01110010100010110110000011100000 ]
PC at 0
[OpCode: 00001000 | Address:01110010100010110110000011100000 ]
PC at 0
[OpCode: 00001000 | Address:01110010100010110110000011100000 ]
PC at 0
[OpCode: 00001000 | Address:01110010100010110110000011100000 ]
PC at 0
[OpCode: 00001000 | Address:01110010100010110110000011100000 ]
PC at 0
[OpCode: 00001000 | Address:01110010100010110110000011100000 ]
PC at 0
[OpCode: 00001000 | Address:01110010100010110110000011100000 ]
PC at 0
[OpCode: 00001000 | Address:01110010100010110110000011100000 ]
PC at 0
[OpCode: 00001000 | Address:01110010100010110110000011100000 ]
PC at 0
[OpCode: 00001000 | Address:01110010100010110110000011100000 ]
PC at 0
[OpCode: 00001000 | Address:01110010100010110110000011100000 ]
PC at 0
[OpCode: 00001000 | Address:01110010100010110110000011100000 ]
PC at 0
[OpCode: 00001000 | Address:01110010100010110110000011100000 ]
PC at 0
[OpCode: 00001000 | Address:01110010100010110110000011100000 ]
PC at 0
[OpCode: 00001000 | Address:01110010100010110110000011100000 ]
PC at 0
[OpCode: 00001000 | Address:01110010100010110110000011100000 ]
PC at 0
[OpCode: 00001000 | Address:01110010100010110110000011100000 ]
PC at 0
[OpCode: 00001000 | Address:01110010100010110110000011100000 ]
PC at 0
[OpCode: 00001000 | Address:01110010100010110110000011100000 ]
PC at 0
[OpCode: 00001000 | Address:01110010100010110110000011100000 ]
PC at 0
[OpCode: 00001000 | Address:01110010100010110110000011100000 ]
PC at 0
[OpCode: 00001000 | Address:01110010100010110110000011100000 ]
PC at 0
[OpCode: 00001000 | Address:01110010100010110110000011100000 ]
PC at 0
[OpCode: 00001000 | Address:01110010100010110110000011100000 ]
PC at 0
[OpCode: 00001000 | Address:01110010100010110110000011100000 ]
PC at 0
[OpCode: 00001000 | Address:01110010100010110110000011100000 ]
PC at 0
[OpCode: 00001000 | Address:01110010100010110110000011100000 ]
PC at 0
[OpCode: 00001000 | Address:01110010100010110110000011100000 ]
PC at 0
[OpCode: 00001000 | Address:01110010100010110110000011100000 ]
PC at 0
[OpCode: 00001000 | Address:01110010100010110110000011100000 ]
PC at 0
[OpCode: 00001000 | Address:01110010100010110110000011100000 ]
PC at 0
[OpCode: 00001000 | Address:01110010100010110110000011100000 ]
PC at 0
[OpCode: 00001000 | Address:01110010100010110110000011100000 ]
PC at 0
[OpCode: 