Simulating binary logs/Slapdragon/test/LW-getc.mips.bin
32
Read 32
00111100
00000010
00110000
00000000
10001100
01000010
00000000
00000000
00000011
11100000
00000000
00001000
00000000
00000000
00000000
00000000
00111100
00000010
00110000
00000000
10001100
01000010
00000000
00000000
00000011
11100000
00000000
00001000
00000000
00000000
00000000
00000000
PC at 0
My mom is an rtype
[Source1: 00000000 | Source2: 00000110 | Dest: 00000010 | Shift Amt: 00000000 | Fn Code: 00001111 ]
PC at 0
My mom is an rtype
[Source1: 00000000 | Source2: 00000110 | Dest: 00000010 | Shift Amt: 00000000 | Fn Code: 00001111 ]
PC at 0
My mom is an rtype
[Source1: 00000000 | Source2: 00000110 | Dest: 00000010 | Shift Amt: 00000000 | Fn Code: 00001111 ]
PC at 0
My mom is an rtype
[Source1: 00000000 | Source2: 00000110 | Dest: 00000010 | Shift Amt: 00000000 | Fn Code: 00001111 ]
PC at 0
My mom is an rtype
[Source1: 00000000 | Source2: 00000110 | Dest: 00000010 | Shift Amt: 00000000 | Fn Code: 00001111 ]
PC at 0
My mom is an rtype
[Source1: 00000000 | Source2: 00000110 | Dest: 00000010 | Shift Amt: 00000000 | Fn Code: 00001111 ]
PC at 0
My mom is an rtype
[Source1: 00000000 | Source2: 00000110 | Dest: 00000010 | Shift Amt: 00000000 | Fn Code: 00001111 ]
PC at 0
My mom is an rtype
[Source1: 00000000 | Source2: 00000110 | Dest: 00000010 | Shift Amt: 00000000 | Fn Code: 00001111 ]
PC at 0
My mom is an rtype
[Source1: 00000000 | Source2: 00000110 | Dest: 00000010 | Shift Amt: 00000000 | Fn Code: 00001111 ]
PC at 0
My mom is an rtype
[Source1: 00000000 | Source2: 00000110 | Dest: 00000010 | Shift Amt: 00000000 | Fn Code: 00001111 ]
PC at 0
My mom is an rtype
[Source1: 00000000 | Source2: 00000110 | Dest: 00000010 | Shift Amt: 00000000 | Fn Code: 00001111 ]
PC at 0
My mom is an rtype
[Source1: 00000000 | Source2: 00000110 | Dest: 00000010 | Shift Amt: 00000000 | Fn Code: 00001111 ]
PC at 0
My mom is an rtype
[Source1: 00000000 | Source2: 00000110 | Dest: 00000010 | Shift Amt: 00000000 | Fn Code: 00001111 ]
PC at 0
My mom is an rtype
[Source1: 00000000 | Source2: 00000110 | Dest: 00000010 | Shift Amt: 00000000 | Fn Code: 00001111 ]
PC at 0
My mom is an rtype
[Source1: 00000000 | Source2: 00000110 | Dest: 00000010 | Shift Amt: 00000000 | Fn Code: 00001111 ]
PC at 0
My mom is an rtype
[Source1: 00000000 | Source2: 00000110 | Dest: 00000010 | Shift Amt: 00000000 | Fn Code: 00001111 ]
PC at 0
My mom is an rtype
[Source1: 00000000 | Source2: 00000110 | Dest: 00000010 | Shift Amt: 00000000 | Fn Code: 00001111 ]
PC at 0
My mom is an rtype
[Source1: 00000000 | Source2: 00000110 | Dest: 00000010 | Shift Amt: 00000000 | Fn Code: 00001111 ]
PC at 0
My mom is an rtype
[Source1: 00000000 | Source2: 00000110 | Dest: 00000010 | Shift Amt: 00000000 | Fn Code: 00001111 ]
PC at 0
My mom is an rtype
[Source1: 00000000 | Source2: 00000110 | Dest: 00000010 | Shift Amt: 00000000 | Fn Code: 00001111 ]
PC at 0
My mom is an rtype
[Source1: 00000000 | Source2: 00000110 | Dest: 00000010 | Shift Amt: 00000000 | Fn Code: 00001111 ]
PC at 0
My mom is an rtype
[Source1: 00000000 | Source2: 00000110 | Dest: 00000010 | Shift Amt: 00000000 | Fn Code: 00001111 ]
PC at 0
My mom is an rtype
[Source1: 00000000 | Source2: 00000110 | Dest: 00000010 | Shift Amt: 00000000 | Fn Code: 00001111 ]
PC at 0
My mom is an rtype
[Source1: 00000000 | Source2: 00000110 | Dest: 00000010 | Shift Amt: 00000000 | Fn Code: 00001111 ]
PC at 0
My mom is an rtype
[Source1: 00000000 | Source2: 00000110 | Dest: 00000010 | Shift Amt: 00000000 | Fn Code: 00001111 ]
PC at 0
My mom is an rtype
[Source1: 00000000 | Source2: 00000110 | Dest: 00000010 | Shift Amt: 00000000 | Fn Code: 00001111 ]
PC at 0
My mom is an rtype
[Source1: 00000000 | Source2: 00000110 | Dest: 00000010 | Shift Amt: 00000000 | Fn Code: 00001111 ]
PC at 0
My mom is an rtype
[Source1: 00000000 | Source2: 00000110 | Dest: 00000010 | Shift Amt: 00000000 | Fn Code: 00001111 ]
PC at 0
My mom is an rtype
[Source1: 00000000 | Source2: 00000110 | Dest: 00000010 | Shift Amt: 00000000 | Fn Code: 00001111 ]
PC at 0
My mom is an rtype
[Source1: 00000000 | Source2: 00000110 | Dest: 00000010 | Shift Amt: 00000000 | Fn Code: 00001111 ]
PC at 0
My mom is an rtype
[Source1: 00000000 | Source2: 00000110 | Dest: 00000010 | Shift Amt: 00000000 | Fn Code: 00001111 ]
PC at 0
My mom is an rtype
[Source1: 00000000 | Source2: 00000110 | Dest: 00000010 | Shift Amt: 00000000 | Fn Code: 00001111 ]
PC at 0
My mom is an rtype
[Source1: 00000000 | Source2: 00000110 | Dest: 00000010 | Shift Amt: 00000000 | Fn Code: 00001111 ]
PC at 0
My mom is an rtype
[Source1: 00000000 | Source2: 00000110 | Dest: 00000010 | Shift Amt: 00000000 | Fn Code: 00001111 ]
PC at 0
My mom is an rtype
[Source1: 00000000 | Source2: 00000110 | Dest: 00000010 | Shift Amt: 00000000 | Fn Code: 00001111 ]
PC at 0
My mom is an rtype
[Source1: 00000000 | Source2: 00000110 | Dest: 00000010 | Shift Amt: 00000000 | Fn Code: 00001111 ]
PC at 0
My mom is an rtype
[Source1: 00000000 | Source2: 00000110 | Dest: 00000010 | Shift Amt: 00000000 | Fn Code: 00001111 ]
PC at 0
My mom is an rtype
[Source1: 00000000 | Source2: 00000110 | Dest: 00000010 | Shift Amt: 00000000 | Fn Code: 00001111 ]
PC at 0
My mom is an rtype
[Source1: 00000000 | Source2: 00000110 | Dest: 00000010 | Shift Amt: 00000000 | Fn Code: 00001111 ]
PC at 0
My mom is an rtype
[Source1: 00000000 | Source2: 00000110 | Dest: 00000010 | Shift Amt: 00000000 | Fn Code: 00001111 ]
PC at 0
My mom is an rtype
[Source1: 00000000 | Source2: 00000110 | Dest: 00000010 | Shift Amt: 00000000 | Fn Code: 00001111 ]
PC at 0
My mom is an rtype
[Source1: 00000000 | Source2: 00000110 | Dest: 00000010 | Shift Amt: 00000000 | Fn Code: 00001111 ]
PC at 0
My mom is an rtype
[Source1: 00000000 | Source2: 00000110 | Dest: 00000010 | Shift Amt: 00000000 | Fn Code: 00001111 ]
PC at 0
My mom is an rtype
[Source1: 00000000 | Source2: 00000110 | Dest: 00000010 | Shift Amt: 00000000 | Fn Code: 00001111 ]
PC at 0
My mom is an rtype
[Source1: 00000000 | Source2: 00000110 | Dest: 00000010 | Shift Amt: 00000000 | Fn Code: 00001111 ]
PC at 0
My mom is an rtype
[Source1: 00000000 | Source2: 00000110 | Dest: 00000010 | Shift Amt: 00000000 | Fn Code: 00001111 ]
PC at 0
My mom is an rtype
[Source1: 00000000 | Source2: 00000110 | Dest: 00000010 | Shift Amt: 00000000 | Fn Code: 00001111 ]
PC at 0
My mom is an rtype
[Source1: 00000000 | Source2: 00000110 | Dest: 00000010 | Shift Amt: 00000000 | Fn Code: 00001111 ]
PC at 0
My mom is an rtype
[Source1: 00000000 | Source2: 00000110 | Dest: 00000010 | Shift Amt: 00000000 | Fn Code: 00001111 ]
PC at 0
My mom is an rtype
[Source1: 00000000 | Source2: 00000110 | Dest: 00000010 | Shift Amt: 00000000 | Fn Code: 00001111 ]
PC at 0
My mom is an rtype
[Source1: 00000000 | Source2: 00000110 | Dest: 00000010 | Shift Amt: 00000000 | Fn Code: 00001111 ]
PC at 0
My mom is an rtype
[Source1: 00000000 | Source2: 00000110 | Dest: 00000010 | Shift Amt: 00000000 | Fn Code: 00001111 ]
PC at 0
My mom is an rtype
[Source1: 00000000 | Source2: 00000110 | Dest: 00000010 | Shift Amt: 00000000 | Fn Code: 00001111 ]
PC at 0
My mom is an rtype
[Source1: 00000000 | Source2: 00000110 | Dest: 00000010 | Shift Amt: 00000000 | Fn Code: 00001111 ]
PC at 0
My mom is an rtype
[Source1: 00000000 | Source2: 00000110 | Dest: 00000010 | Shift Amt: 00000000 | Fn Code: 00001111 ]
PC at 0
My mom is an rtype
[Source1: 00000000 | Source2: 00000110 | Dest: 00000010 | Shift Amt: 00000000 | Fn Code: 00001111 ]
PC at 0
My mom is an rtype
[Source1: 00000000 | Source2: 00000110 | Dest: 00000010 | Shift Amt: 00000000 | Fn Code: 00001111 ]
PC at 0
My mom is an rtype
[Source1: 00000000 | Source2: 00000110 | Dest: 00000010 | Shift Amt: 00000000 | Fn Code: 00001111 ]
PC at 0
My mom is an rtype
[Source1: 00000000 | Source2: 00000110 | Dest: 00000010 | Shift Amt: 00000000 | Fn Code: 00001111 ]
PC at 0
My mom is an rtype
[Source1: 00000000 | Source2: 00000110 | Dest: 00000010 | Shift Amt: 00000000 | Fn Code: 00001111 ]
PC at 0
My mom is an rtype
[Source1: 00000000 | Source2: 00000110 | Dest: 00000010 | Shift Amt: 00000000 | Fn Code: 00001111 ]
PC at 0
My mom is an rtype
[Source1: 00000000 | Source2: 00000110 | Dest: 00000010 | Shift